<?xml version="1.0" encoding="UTF-8"?>
<testsuite name="TanTest" tests="8" skipped="0" failures="0" errors="0" timestamp="2025-06-05T09:43:45" hostname="asus" time="0.014">
  <properties/>
  <testcase name="testCalculateForOne()" classname="TanTest" time="0.001"/>
  <testcase name="testCalculateForPeriodic()" classname="TanTest" time="0.002"/>
  <testcase name="testCallSinAndCosFunctions()" classname="TanTest" time="0.002"/>
  <testcase name="testCalculateWithMockCos()" classname="TanTest" time="0.002"/>
  <testcase name="testCalculateWithMockSin()" classname="TanTest" time="0.002"/>
  <testcase name="testCalculateForZero()" classname="TanTest" time="0.001"/>
  <testcase name="testNotCalculateForPiDividedByTwo()" classname="TanTest" time="0.001"/>
  <testcase name="testCalculateWithMockSinAndMockCos()" classname="TanTest" time="0.002"/>
  <system-out><![CDATA[]]></system-out>
  <system-err><![CDATA[]]></system-err>
</testsuite>
