<?xml version="1.0" encoding="UTF-8"?>
<testsuite name="CscTest" tests="6" skipped="0" failures="0" errors="0" timestamp="2025-06-05T09:43:43" hostname="asus" time="0.015">
  <properties/>
  <testcase name="testCalculateForPiDividedByTwo()" classname="CscTest" time="0.003"/>
  <testcase name="testCalculateForOne()" classname="CscTest" time="0.002"/>
  <testcase name="testNotCalculateForZero()" classname="CscTest" time="0.002"/>
  <testcase name="testCallSinFunction()" classname="CscTest" time="0.002"/>
  <testcase name="testCalculateForPeriodic()" classname="CscTest" time="0.001"/>
  <testcase name="testCalculateWithMockSin()" classname="CscTest" time="0.002"/>
  <system-out><![CDATA[]]></system-out>
  <system-err><![CDATA[]]></system-err>
</testsuite>
