<?xml version="1.0" encoding="UTF-8"?>
<testsuite name="CotTest" tests="8" skipped="0" failures="0" errors="0" timestamp="2025-05-02T11:57:56" hostname="asus" time="0.087">
  <properties/>
  <testcase name="testCalculateForPiDividedByTwo()" classname="CotTest" time="0.033"/>
  <testcase name="testCalculateForOne()" classname="CotTest" time="0.004"/>
  <testcase name="testNotCalculateForZero()" classname="CotTest" time="0.004"/>
  <testcase name="testCalculateForPeriodic()" classname="CotTest" time="0.009"/>
  <testcase name="testCallSinAndCosFunctions()" classname="CotTest" time="0.014"/>
  <testcase name="testCalculateWithMockCos()" classname="CotTest" time="0.005"/>
  <testcase name="testCalculateWithMockSin()" classname="CotTest" time="0.006"/>
  <testcase name="testCalculateWithMockSinAndMockCos()" classname="CotTest" time="0.006"/>
  <system-out><![CDATA[]]></system-out>
  <system-err><![CDATA[]]></system-err>
</testsuite>
