<?xml version="1.0" encoding="UTF-8"?>
<testsuite name="FinalFunctionTest" tests="51" skipped="0" failures="0" errors="0" timestamp="2025-06-01T17:04:11" hostname="asus" time="1.379">
  <properties/>
  <testcase name="testNotAcceptNullPrecision()" classname="FinalFunctionTest" time="0.112"/>
  <testcase name="testCalculateWithMocksWithoutLog2AndLog3AndSecAndCscAndCotAndTanAndCosAndSin()" classname="FinalFunctionTest" time="0.061"/>
  <testcase name="testCalculateWithMocksWithoutLog2AndLog3AndSecAndCscAndCotAndTanAndCosAndSinAndLn()" classname="FinalFunctionTest" time="0.061"/>
  <testcase name="testBehaviorAtNegativeInfinity()" classname="FinalFunctionTest" time="0.01"/>
  <testcase name="shouldThrowWhenNullPrecision()" classname="FinalFunctionTest" time="0.003"/>
  <testcase name="testCalculateWithMocksWithoutLog2AndLog3AndLog5AndSec()" classname="FinalFunctionTest" time="0.079"/>
  <testcase name="shouldThrowWhenNullArgument()" classname="FinalFunctionTest" time="0.004"/>
  <testcase name="testCalculateWithMocksWithoutLog2AndLog3()" classname="FinalFunctionTest" time="0.057"/>
  <testcase name="testCalculateWithMocksWithoutLog2AndLog3AndSecAndCscAndCot()" classname="FinalFunctionTest" time="0.045"/>
  <testcase name="testNonPeriodicForPositiveX()" classname="FinalFunctionTest" time="0.123"/>
  <testcase name="testNotAcceptOneArgument()" classname="FinalFunctionTest" time="0.003"/>
  <testcase name="testLogarithmicExtremum()" classname="FinalFunctionTest" time="0.111"/>
  <testcase name="testNotAcceptZeroArgument()" classname="FinalFunctionTest" time="0.003"/>
  <testcase name="testPeriodicityBoundary()" classname="FinalFunctionTest" time="0.014"/>
  <testcase name="testCalculateWithDynamicMocks()" classname="FinalFunctionTest" time="0.006"/>
  <testcase name="[1] -9.5, 6.7513276287925205E9" classname="FinalFunctionTest" time="0.023"/>
  <testcase name="[2] -9.42, -8.00454195863339E20" classname="FinalFunctionTest" time="0.009"/>
  <testcase name="[3] -6.6000000000000005, 47896.74522263" classname="FinalFunctionTest" time="0.009"/>
  <testcase name="[4] -6.4, -2.3992960368923333E8" classname="FinalFunctionTest" time="0.01"/>
  <testcase name="[5] -3.4, 11245.2416746" classname="FinalFunctionTest" time="0.008"/>
  <testcase name="[6] -3.2, 7.686001654540048E10" classname="FinalFunctionTest" time="0.008"/>
  <testcase name="[7] -3.0, -1.1592283325345694E8" classname="FinalFunctionTest" time="0.008"/>
  <testcase name="[8] -0.02, -2.020655067477986E15" classname="FinalFunctionTest" time="0.009"/>
  <testcase name="[9] -0.01, -1.01870068065357248E18" classname="FinalFunctionTest" time="0.011"/>
  <testcase name="testCalculateForPositiveValue()" classname="FinalFunctionTest" time="0.058"/>
  <testcase name="[1] 1" classname="FinalFunctionTest" time="0.004"/>
  <testcase name="[2] 0" classname="FinalFunctionTest" time="0.003"/>
  <testcase name="[3] 1.01" classname="FinalFunctionTest" time="0.003"/>
  <testcase name="[4] -0.01" classname="FinalFunctionTest" time="0.002"/>
  <testcase name="testAsimptotNearByZero()" classname="FinalFunctionTest" time="0.007"/>
  <testcase name="testConsistencyForPeriodicPoints()" classname="FinalFunctionTest" time="0.01"/>
  <testcase name="testCalculateWithMocksWithoutLog2AndLog3AndSecAndCscAndCotAndTan()" classname="FinalFunctionTest" time="0.029"/>
  <testcase name="[1] -1.0" classname="FinalFunctionTest" time="0.024"/>
  <testcase name="[2] -2.5" classname="FinalFunctionTest" time="0.016"/>
  <testcase name="[3] -3.8" classname="FinalFunctionTest" time="0.015"/>
  <testcase name="testCalculateForNegativeValue()" classname="FinalFunctionTest" time="0.008"/>
  <testcase name="testCalculateWithMocksWithoutLog2()" classname="FinalFunctionTest" time="0.019"/>
  <testcase name="testCalculateWithMocksWithoutLog2AndLog3AndSecAndCscAndCotAndTanAndCos()" classname="FinalFunctionTest" time="0.032"/>
  <testcase name="[1] -0.0001" classname="FinalFunctionTest" time="0.007"/>
  <testcase name="[2] 0.0001" classname="FinalFunctionTest" time="0.201"/>
  <testcase name="[1] -3.141592653589793" classname="FinalFunctionTest" time="0.006"/>
  <testcase name="[2] -6.283185307179586" classname="FinalFunctionTest" time="0.003"/>
  <testcase name="[3] 0.0" classname="FinalFunctionTest" time="0.002"/>
  <testcase name="testCalculateWithMocks()" classname="FinalFunctionTest" time="0.004"/>
  <testcase name="testCalculateWithSpies()" classname="FinalFunctionTest" time="0.013"/>
  <testcase name="testNotAcceptNullArgument()" classname="FinalFunctionTest" time="0.002"/>
  <testcase name="testCalculateWithMocksWithoutLog2AndLog3AndSecAndCsc()" classname="FinalFunctionTest" time="0.019"/>
  <testcase name="[1] -1" classname="FinalFunctionTest" time="0.01"/>
  <testcase name="[2] -2" classname="FinalFunctionTest" time="0.008"/>
  <testcase name="[3] -3" classname="FinalFunctionTest" time="0.008"/>
  <testcase name="testCalculateWithMocksWithoutLog2AndLog3AndLog5()" classname="FinalFunctionTest" time="0.038"/>
  <system-out><![CDATA[2.2318
2.2319
]]></system-out>
  <system-err><![CDATA[]]></system-err>
</testsuite>
