<?xml version="1.0" encoding="UTF-8"?>
<testsuite name="SecTest" tests="6" skipped="0" failures="0" errors="0" timestamp="2025-05-02T11:57:58" hostname="asus" time="0.029">
  <properties/>
  <testcase name="testCalculateForOne()" classname="SecTest" time="0.002"/>
  <testcase name="testCalculateForPeriodic()" classname="SecTest" time="0.003"/>
  <testcase name="testCalculateWithMockCos()" classname="SecTest" time="0.004"/>
  <testcase name="testCalculateForZero()" classname="SecTest" time="0.005"/>
  <testcase name="testCallCosFunction()" classname="SecTest" time="0.003"/>
  <testcase name="testNotCalculateForPiDividedByTwo()" classname="SecTest" time="0.004"/>
  <system-out><![CDATA[]]></system-out>
  <system-err><![CDATA[]]></system-err>
</testsuite>
