<?xml version="1.0" encoding="UTF-8"?>
<testsuite name="TanTest" tests="8" skipped="0" failures="0" errors="0" timestamp="2025-05-02T11:57:58" hostname="asus" time="0.04">
  <properties/>
  <testcase name="testCalculateForOne()" classname="TanTest" time="0.006"/>
  <testcase name="testCalculateForPeriodic()" classname="TanTest" time="0.005"/>
  <testcase name="testCallSinAndCosFunctions()" classname="TanTest" time="0.004"/>
  <testcase name="testCalculateWithMockCos()" classname="TanTest" time="0.003"/>
  <testcase name="testCalculateWithMockSin()" classname="TanTest" time="0.003"/>
  <testcase name="testCalculateForZero()" classname="TanTest" time="0.004"/>
  <testcase name="testNotCalculateForPiDividedByTwo()" classname="TanTest" time="0.003"/>
  <testcase name="testCalculateWithMockSinAndMockCos()" classname="TanTest" time="0.002"/>
  <system-out><![CDATA[]]></system-out>
  <system-err><![CDATA[]]></system-err>
</testsuite>
