<?xml version="1.0" encoding="UTF-8"?>
<testsuite name="LogTest" tests="5" skipped="0" failures="0" errors="0" timestamp="2025-05-02T11:57:58" hostname="asus" time="0.072">
  <properties/>
  <testcase name="testCalculateForOne()" classname="LogTest" time="0.008"/>
  <testcase name="testNotCalculateForZero()" classname="LogTest" time="0.003"/>
  <testcase name="testCalculateWithLnMock()" classname="LogTest" time="0.006"/>
  <testcase name="testCalculateForPositive()" classname="LogTest" time="0.025"/>
  <testcase name="testCallLnFunction()" classname="LogTest" time="0.025"/>
  <system-out><![CDATA[]]></system-out>
  <system-err><![CDATA[]]></system-err>
</testsuite>
