<?xml version="1.0" encoding="UTF-8"?>
<testsuite name="CosTest" tests="12" skipped="0" failures="0" errors="0" timestamp="2025-06-05T09:43:43" hostname="asus" time="0.795">
  <properties/>
  <testcase name="testCalculateForPiDividedByTwo()" classname="CosTest" time="0.643"/>
  <testcase name="testCalculateForOne()" classname="CosTest" time="0.007"/>
  <testcase name="testCallSinFunction()" classname="CosTest" time="0.041"/>
  <testcase name="testCalculateForPeriodic()" classname="CosTest" time="0.004"/>
  <testcase name="testCalculateWithMockSin()" classname="CosTest" time="0.01"/>
  <testcase name="testCalculateForZero()" classname="CosTest" time="0.003"/>
  <testcase name="[1] 0.0, 1.0" classname="CosTest" time="0.02"/>
  <testcase name="[2] 3.141592653589793, -1.0" classname="CosTest" time="0.009"/>
  <testcase name="[3] 6.283185307179586, 1.0" classname="CosTest" time="0.005"/>
  <testcase name="[4] 1.0471975511965976, 0.5" classname="CosTest" time="0.003"/>
  <testcase name="[5] 2.0943951023931953, -0.5" classname="CosTest" time="0.005"/>
  <testcase name="testCalculateWithInvalidPrecision()" classname="CosTest" time="0.003"/>
  <system-out><![CDATA[]]></system-out>
  <system-err><![CDATA[]]></system-err>
</testsuite>
